{
  "RSpec": {
    "coverage": {
      "/Users/nicolesentis/Documents/web_dev_projects/interview_tests/shopreviews/spec/controllers/api/v1/areas_controller_spec.rb": [
        1,
        null,
        1,
        1,
        1,
        10,
        2,
        null,
        null,
        1,
        1,
        1,
        1,
        null,
        null,
        2,
        null,
        null,
        1,
        1,
        1,
        2,
        2,
        null,
        null,
        1,
        1,
        1,
        null,
        null,
        2,
        null,
        null,
        1,
        1,
        1,
        1,
        null,
        null,
        1,
        1,
        null,
        null,
        null,
        null,
        1,
        1,
        1,
        2,
        null,
        2,
        null,
        null,
        1,
        1,
        1,
        null,
        null,
        2,
        null,
        null,
        1,
        1,
        2,
        2,
        null,
        null,
        1,
        1,
        1,
        1,
        null,
        null,
        2,
        null,
        null,
        null,
        1,
        1,
        3,
        3,
        3,
        3,
        3,
        3,
        3,
        3,
        null,
        null,
        1,
        1,
        2,
        null,
        null,
        1,
        1,
        1,
        null,
        null,
        2,
        null,
        null,
        1,
        1,
        1,
        null,
        null,
        1,
        1,
        null,
        null,
        null,
        null
      ],
      "/Users/nicolesentis/Documents/web_dev_projects/interview_tests/shopreviews/spec/rails_helper.rb": [
        null,
        1,
        1,
        1,
        null,
        1,
        1,
        null,
        null,
        null,
        null,
        null,
        null,
        null,
        null,
        null,
        null,
        null,
        null,
        null,
        null,
        null,
        null,
        null,
        null,
        null,
        1,
        null,
        1,
        null,
        1,
        null,
        null,
        null,
        null,
        1,
        null,
        null,
        null,
        null,
        null,
        null,
        null,
        null,
        null,
        null,
        null,
        null,
        null,
        null,
        1,
        null,
        null,
        1,
        null,
        null,
        null,
        1,
        1,
        null,
        1,
        null,
        null,
        1,
        null,
        null,
        null
      ],
      "/Users/nicolesentis/Documents/web_dev_projects/interview_tests/shopreviews/config/environment.rb": [
        null,
        1,
        null,
        null,
        1
      ],
      "/Users/nicolesentis/Documents/web_dev_projects/interview_tests/shopreviews/config/application.rb": [
        1,
        null,
        1,
        null,
        1,
        1,
        1,
        1,
        1,
        1,
        1,
        null,
        1,
        null,
        null,
        null,
        1,
        null,
        1,
        1,
        null,
        null,
        null,
        null,
        null,
        null,
        null,
        1,
        null,
        null
      ],
      "/Users/nicolesentis/Documents/web_dev_projects/interview_tests/shopreviews/config/boot.rb": [
        1,
        null,
        1
      ],
      "/Users/nicolesentis/Documents/web_dev_projects/interview_tests/shopreviews/config/environments/test.rb": [
        1,
        null,
        null,
        null,
        null,
        null,
        null,
        1,
        null,
        null,
        null,
        null,
        1,
        null,
        null,
        1,
        1,
        null,
        null,
        null,
        null,
        1,
        1,
        null,
        null,
        1,
        null,
        null,
        1,
        1,
        null,
        null,
        null,
        null,
        1,
        null,
        null,
        1,
        null,
        null,
        null,
        null
      ],
      "/Users/nicolesentis/Documents/web_dev_projects/interview_tests/shopreviews/config/initializers/application_controller_renderer.rb": [
        null,
        null,
        null,
        null,
        null,
        null,
        null,
        null
      ],
      "/Users/nicolesentis/Documents/web_dev_projects/interview_tests/shopreviews/config/initializers/backtrace_silencers.rb": [
        null,
        null,
        null,
        null,
        null,
        null,
        null
      ],
      "/Users/nicolesentis/Documents/web_dev_projects/interview_tests/shopreviews/config/initializers/cors.rb": [
        null,
        null,
        null,
        null,
        null,
        null,
        null,
        null,
        null,
        null,
        null,
        null,
        null,
        null,
        null,
        null
      ],
      "/Users/nicolesentis/Documents/web_dev_projects/interview_tests/shopreviews/config/initializers/filter_parameter_logging.rb": [
        null,
        null,
        null,
        1
      ],
      "/Users/nicolesentis/Documents/web_dev_projects/interview_tests/shopreviews/config/initializers/inflections.rb": [
        null,
        null,
        null,
        null,
        null,
        null,
        null,
        null,
        null,
        null,
        null,
        null,
        null,
        null,
        null,
        null
      ],
      "/Users/nicolesentis/Documents/web_dev_projects/interview_tests/shopreviews/config/initializers/mime_types.rb": [
        null,
        null,
        null,
        null
      ],
      "/Users/nicolesentis/Documents/web_dev_projects/interview_tests/shopreviews/config/initializers/new_framework_defaults.rb": [
        null,
        null,
        null,
        null,
        null,
        null,
        1,
        null,
        null,
        null,
        1,
        null,
        null,
        1,
        null,
        null,
        1,
        null,
        null,
        1
      ],
      "/Users/nicolesentis/Documents/web_dev_projects/interview_tests/shopreviews/config/initializers/wrap_parameters.rb": [
        null,
        null,
        null,
        null,
        null,
        null,
        1,
        2,
        null,
        null,
        null,
        null,
        null,
        null
      ],
      "/Users/nicolesentis/Documents/web_dev_projects/interview_tests/shopreviews/spec/factories/areas.rb": [
        1,
        1,
        101,
        null,
        null
      ],
      "/Users/nicolesentis/Documents/web_dev_projects/interview_tests/shopreviews/spec/factories/review.rb": [
        1,
        1,
        58,
        1,
        null,
        null
      ],
      "/Users/nicolesentis/Documents/web_dev_projects/interview_tests/shopreviews/spec/factories/score.rb": [
        1,
        1,
        37,
        25,
        1,
        null,
        null
      ],
      "/Users/nicolesentis/Documents/web_dev_projects/interview_tests/shopreviews/spec/factories/shops.rb": [
        1,
        1,
        79,
        1,
        null,
        null
      ],
      "/Users/nicolesentis/Documents/web_dev_projects/interview_tests/shopreviews/config/routes.rb": [
        1,
        1,
        1,
        1,
        1,
        1,
        1,
        null,
        null,
        1,
        1,
        null,
        1,
        1,
        null,
        1,
        null,
        null,
        null
      ],
      "/Users/nicolesentis/Documents/web_dev_projects/interview_tests/shopreviews/app/controllers/api/v1/areas_controller.rb": [
        1,
        1,
        2,
        2,
        null,
        null,
        1,
        3,
        2,
        2,
        null,
        null,
        null,
        null,
        null,
        2,
        null,
        1,
        null,
        null,
        null,
        1,
        4,
        4,
        2,
        null,
        2,
        null,
        null,
        null,
        1,
        3,
        2,
        2,
        2,
        null,
        null,
        null,
        null,
        1,
        null,
        null,
        null,
        1,
        null,
        1,
        4,
        null,
        null
      ],
      "/Users/nicolesentis/Documents/web_dev_projects/interview_tests/shopreviews/app/controllers/application_controller.rb": [
        1,
        null
      ],
      "/Users/nicolesentis/Documents/web_dev_projects/interview_tests/shopreviews/spec/controllers/api/v1/reviews_controller_spec.rb": [
        1,
        null,
        1,
        1,
        1,
        14,
        2,
        null,
        null,
        1,
        1,
        1,
        1,
        null,
        null,
        2,
        null,
        null,
        1,
        1,
        1,
        2,
        2,
        null,
        null,
        1,
        1,
        1,
        null,
        null,
        2,
        null,
        null,
        1,
        1,
        1,
        1,
        null,
        null,
        1,
        1,
        null,
        null,
        null,
        null,
        1,
        1,
        1,
        2,
        2,
        2,
        null,
        null,
        1,
        1,
        1,
        null,
        null,
        2,
        null,
        null,
        1,
        1,
        2,
        2,
        2,
        null,
        null,
        1,
        1,
        1,
        1,
        null,
        null,
        2,
        null,
        null,
        null
      ],
      "/Users/nicolesentis/Documents/web_dev_projects/interview_tests/shopreviews/app/controllers/api/v1/reviews_controller.rb": [
        1,
        1,
        2,
        2,
        null,
        null,
        1,
        4,
        4,
        4,
        2,
        null,
        2,
        null,
        null,
        null,
        1,
        3,
        2,
        2,
        null,
        null,
        null,
        null,
        2,
        null,
        1,
        null,
        null,
        null,
        1,
        null,
        1,
        4,
        null,
        null
      ],
      "/Users/nicolesentis/Documents/web_dev_projects/interview_tests/shopreviews/spec/controllers/api/v1/scores_controller_spec.rb": [
        1,
        null,
        1,
        1,
        1,
        14,
        2,
        null,
        null,
        1,
        1,
        1,
        1,
        null,
        null,
        2,
        null,
        null,
        1,
        1,
        1,
        2,
        2,
        null,
        null,
        1,
        1,
        1,
        null,
        null,
        2,
        null,
        null,
        1,
        1,
        1,
        1,
        null,
        null,
        1,
        1,
        null,
        null,
        null,
        null,
        1,
        1,
        1,
        2,
        2,
        2,
        null,
        null,
        1,
        1,
        1,
        null,
        null,
        2,
        null,
        null,
        1,
        1,
        2,
        2,
        2,
        null,
        null,
        1,
        1,
        1,
        1,
        null,
        null,
        2,
        null,
        null,
        null
      ],
      "/Users/nicolesentis/Documents/web_dev_projects/interview_tests/shopreviews/app/controllers/api/v1/scores_controller.rb": [
        1,
        1,
        2,
        2,
        null,
        null,
        1,
        3,
        2,
        2,
        null,
        1,
        null,
        null,
        null,
        1,
        4,
        4,
        4,
        2,
        null,
        2,
        null,
        null,
        null,
        1,
        null,
        1,
        4,
        null,
        null
      ],
      "/Users/nicolesentis/Documents/web_dev_projects/interview_tests/shopreviews/spec/controllers/api/v1/shops_controller_spec.rb": [
        1,
        null,
        1,
        1,
        1,
        14,
        2,
        null,
        null,
        1,
        1,
        1,
        1,
        null,
        null,
        2,
        null,
        null,
        1,
        1,
        1,
        2,
        2,
        2,
        null,
        null,
        1,
        1,
        1,
        null,
        null,
        2,
        null,
        null,
        1,
        1,
        2,
        2,
        2,
        null,
        null,
        1,
        1,
        1,
        1,
        null,
        null,
        2,
        null,
        null,
        null,
        1,
        1,
        1,
        2,
        2,
        null,
        null,
        1,
        1,
        1,
        null,
        null,
        2,
        null,
        null,
        1,
        1,
        1,
        1,
        null,
        null,
        1,
        1,
        null,
        null,
        null,
        null
      ],
      "/Users/nicolesentis/Documents/web_dev_projects/interview_tests/shopreviews/app/controllers/api/v1/shops_controller.rb": [
        1,
        1,
        2,
        2,
        null,
        null,
        1,
        3,
        2,
        2,
        null,
        null,
        null,
        null,
        2,
        null,
        1,
        null,
        null,
        null,
        1,
        4,
        4,
        4,
        2,
        null,
        2,
        null,
        null,
        null,
        1,
        null,
        1,
        4,
        null,
        null
      ],
      "/Users/nicolesentis/Documents/web_dev_projects/interview_tests/shopreviews/spec/models/area_spec.rb": [
        1,
        null,
        1,
        6,
        6,
        null,
        2,
        2,
        null,
        2,
        2,
        2,
        null
      ],
      "/Users/nicolesentis/Documents/web_dev_projects/interview_tests/shopreviews/app/models/area.rb": [
        1,
        1,
        1,
        1,
        null,
        1,
        null,
        1,
        null,
        1,
        2,
        2,
        2,
        4,
        8,
        null,
        null,
        null,
        2,
        null,
        null
      ],
      "/Users/nicolesentis/Documents/web_dev_projects/interview_tests/shopreviews/app/models/application_record.rb": [
        1,
        1,
        null
      ],
      "/Users/nicolesentis/Documents/web_dev_projects/interview_tests/shopreviews/spec/models/review_spec.rb": [
        1,
        null,
        1,
        7,
        7,
        null,
        2,
        2,
        null,
        2,
        2,
        2,
        2,
        null
      ],
      "/Users/nicolesentis/Documents/web_dev_projects/interview_tests/shopreviews/app/models/review.rb": [
        1,
        1,
        1,
        1,
        null,
        1,
        null
      ],
      "/Users/nicolesentis/Documents/web_dev_projects/interview_tests/shopreviews/spec/models/score_spec.rb": [
        1,
        null,
        1,
        10,
        10,
        null,
        2,
        2,
        null,
        2,
        null,
        2,
        2,
        2,
        2,
        2,
        null,
        2,
        null
      ],
      "/Users/nicolesentis/Documents/web_dev_projects/interview_tests/shopreviews/app/models/score.rb": [
        1,
        1,
        null,
        1,
        1,
        null
      ],
      "/Users/nicolesentis/Documents/web_dev_projects/interview_tests/shopreviews/spec/models/shop_spec.rb": [
        1,
        null,
        1,
        8,
        8,
        null,
        2,
        2,
        null,
        2,
        2,
        2,
        null,
        2,
        2,
        null
      ],
      "/Users/nicolesentis/Documents/web_dev_projects/interview_tests/shopreviews/app/models/shop.rb": [
        1,
        1,
        1,
        1,
        null,
        1,
        null,
        1,
        null
      ]
    },
    "timestamp": 1533646791
  }
}
